============================= test session starts ==============================
platform darwin -- Python 3.12.2, pytest-9.0.2, pluggy-1.6.0 -- /Users/sai2005/Downloads/gitprojects/gsoc/imagelab/imagelab-backend/.venv/bin/python3
cachedir: .pytest_cache
rootdir: /Users/sai2005/Downloads/gitprojects/gsoc/imagelab/imagelab-backend
configfile: pyproject.toml
testpaths: tests
plugins: anyio-4.12.1
collecting ... collected 402 items

tests/operators/blurring/test_blur.py::TestBlurValidInput::test_default_params_produce_output PASSED [  0%]
tests/operators/blurring/test_blur.py::TestBlurValidInput::test_explicit_valid_dimensions PASSED [  0%]
tests/operators/blurring/test_blur.py::TestBlurValidInput::test_even_kernel_sizes_are_accepted PASSED [  0%]
tests/operators/blurring/test_blur.py::TestBlurValidInput::test_width_one_is_valid PASSED [  0%]
tests/operators/blurring/test_blur.py::TestBlurValidInput::test_non_square_kernel_correct_axis PASSED [  1%]
tests/operators/blurring/test_blur.py::TestBlurInvalidInput::test_non_positive_width_raises[0] PASSED [  1%]
tests/operators/blurring/test_blur.py::TestBlurInvalidInput::test_non_positive_width_raises[-1] PASSED [  1%]
tests/operators/blurring/test_blur.py::TestBlurInvalidInput::test_non_positive_width_raises[-10] PASSED [  1%]
tests/operators/blurring/test_blur.py::TestBlurInvalidInput::test_non_positive_height_raises[0] PASSED [  2%]
tests/operators/blurring/test_blur.py::TestBlurInvalidInput::test_non_positive_height_raises[-1] PASSED [  2%]
tests/operators/blurring/test_blur.py::TestBlurInvalidInput::test_non_positive_height_raises[-10] PASSED [  2%]
tests/operators/blurring/test_blur.py::TestBlurInvalidInput::test_error_message_is_user_friendly PASSED [  2%]
tests/operators/blurring/test_gaussian_blur.py::TestGaussianBlurValidInput::test_default_params_produce_output PASSED [  3%]
tests/operators/blurring/test_gaussian_blur.py::TestGaussianBlurValidInput::test_odd_kernel_sizes_are_accepted[1] PASSED [  3%]
tests/operators/blurring/test_gaussian_blur.py::TestGaussianBlurValidInput::test_odd_kernel_sizes_are_accepted[3] PASSED [  3%]
tests/operators/blurring/test_gaussian_blur.py::TestGaussianBlurValidInput::test_odd_kernel_sizes_are_accepted[5] PASSED [  3%]
tests/operators/blurring/test_gaussian_blur.py::TestGaussianBlurValidInput::test_odd_kernel_sizes_are_accepted[7] PASSED [  4%]
tests/operators/blurring/test_gaussian_blur.py::TestGaussianBlurValidInput::test_different_width_and_height PASSED [  4%]
tests/operators/blurring/test_gaussian_blur.py::TestGaussianBlurInvalidInput::test_even_sizes_auto_corrected[2] PASSED [  4%]
tests/operators/blurring/test_gaussian_blur.py::TestGaussianBlurInvalidInput::test_even_sizes_auto_corrected[4] PASSED [  4%]
tests/operators/blurring/test_gaussian_blur.py::TestGaussianBlurInvalidInput::test_even_sizes_auto_corrected[6] PASSED [  5%]
tests/operators/blurring/test_gaussian_blur.py::TestGaussianBlurInvalidInput::test_even_sizes_auto_corrected[100] PASSED [  5%]
tests/operators/blurring/test_gaussian_blur.py::TestGaussianBlurInvalidInput::test_non_positive_width_raises[0] PASSED [  5%]
tests/operators/blurring/test_gaussian_blur.py::TestGaussianBlurInvalidInput::test_non_positive_width_raises[-1] PASSED [  5%]
tests/operators/blurring/test_gaussian_blur.py::TestGaussianBlurInvalidInput::test_non_positive_width_raises[-5] PASSED [  6%]
tests/operators/blurring/test_gaussian_blur.py::TestGaussianBlurInvalidInput::test_non_positive_height_raises[0] PASSED [  6%]
tests/operators/blurring/test_gaussian_blur.py::TestGaussianBlurInvalidInput::test_non_positive_height_raises[-1] PASSED [  6%]
tests/operators/blurring/test_gaussian_blur.py::TestGaussianBlurInvalidInput::test_non_positive_height_raises[-5] PASSED [  6%]
tests/operators/blurring/test_median_blur.py::TestMedianBlurValidInput::test_default_params_produce_output PASSED [  7%]
tests/operators/blurring/test_median_blur.py::TestMedianBlurValidInput::test_valid_odd_kernel_sizes[1] PASSED [  7%]
tests/operators/blurring/test_median_blur.py::TestMedianBlurValidInput::test_valid_odd_kernel_sizes[3] PASSED [  7%]
tests/operators/blurring/test_median_blur.py::TestMedianBlurValidInput::test_valid_odd_kernel_sizes[5] PASSED [  7%]
tests/operators/blurring/test_median_blur.py::TestMedianBlurValidInput::test_valid_odd_kernel_sizes[7] PASSED [  8%]
tests/operators/blurring/test_median_blur.py::TestMedianBlurValidInput::test_valid_odd_kernel_sizes[9] PASSED [  8%]
tests/operators/blurring/test_median_blur.py::TestMedianBlurInvalidInput::test_even_kernel_size_auto_corrected[2] PASSED [  8%]
tests/operators/blurring/test_median_blur.py::TestMedianBlurInvalidInput::test_even_kernel_size_auto_corrected[4] PASSED [  8%]
tests/operators/blurring/test_median_blur.py::TestMedianBlurInvalidInput::test_even_kernel_size_auto_corrected[6] PASSED [  9%]
tests/operators/blurring/test_median_blur.py::TestMedianBlurInvalidInput::test_even_kernel_size_auto_corrected[100] PASSED [  9%]
tests/operators/blurring/test_median_blur.py::TestMedianBlurInvalidInput::test_kernel_size_below_minimum_raises[0] PASSED [  9%]
tests/operators/blurring/test_median_blur.py::TestMedianBlurInvalidInput::test_kernel_size_below_minimum_raises[-1] PASSED [  9%]
tests/operators/blurring/test_median_blur.py::TestMedianBlurInvalidInput::test_kernel_size_below_minimum_raises[-5] PASSED [ 10%]
tests/operators/blurring/test_validation.py::TestValidatePositiveKernelDim::test_valid_positive_values[1] PASSED [ 10%]
tests/operators/blurring/test_validation.py::TestValidatePositiveKernelDim::test_valid_positive_values[2] PASSED [ 10%]
tests/operators/blurring/test_validation.py::TestValidatePositiveKernelDim::test_valid_positive_values[3] PASSED [ 10%]
tests/operators/blurring/test_validation.py::TestValidatePositiveKernelDim::test_valid_positive_values[10] PASSED [ 11%]
tests/operators/blurring/test_validation.py::TestValidatePositiveKernelDim::test_valid_positive_values[100] PASSED [ 11%]
tests/operators/blurring/test_validation.py::TestValidatePositiveKernelDim::test_invalid_non_positive_values[0] PASSED [ 11%]
tests/operators/blurring/test_validation.py::TestValidatePositiveKernelDim::test_invalid_non_positive_values[-1] PASSED [ 11%]
tests/operators/blurring/test_validation.py::TestValidatePositiveKernelDim::test_invalid_non_positive_values[-5] PASSED [ 12%]
tests/operators/blurring/test_validation.py::TestValidatePositiveKernelDim::test_invalid_non_positive_values[-100] PASSED [ 12%]
tests/operators/blurring/test_validation.py::TestValidatePositiveKernelDim::test_error_message_mentions_name PASSED [ 12%]
tests/operators/blurring/test_validation.py::TestValidatePositiveKernelDim::test_error_message_contains_bad_value PASSED [ 12%]
tests/operators/blurring/test_validation.py::TestValidatePositiveKernelDim::test_non_integer_raises_type_error[1.0] PASSED [ 13%]
tests/operators/blurring/test_validation.py::TestValidatePositiveKernelDim::test_non_integer_raises_type_error[3.5] PASSED [ 13%]
tests/operators/blurring/test_validation.py::TestValidatePositiveKernelDim::test_non_integer_raises_type_error[3] PASSED [ 13%]
tests/operators/blurring/test_validation.py::TestValidatePositiveKernelDim::test_non_integer_raises_type_error[None] PASSED [ 13%]
tests/operators/blurring/test_validation.py::TestValidatePositiveOddKernelSize::test_valid_positive_odd_values[1] PASSED [ 14%]
tests/operators/blurring/test_validation.py::TestValidatePositiveOddKernelSize::test_valid_positive_odd_values[3] PASSED [ 14%]
tests/operators/blurring/test_validation.py::TestValidatePositiveOddKernelSize::test_valid_positive_odd_values[5] PASSED [ 14%]
tests/operators/blurring/test_validation.py::TestValidatePositiveOddKernelSize::test_valid_positive_odd_values[7] PASSED [ 14%]
tests/operators/blurring/test_validation.py::TestValidatePositiveOddKernelSize::test_valid_positive_odd_values[9] PASSED [ 15%]
tests/operators/blurring/test_validation.py::TestValidatePositiveOddKernelSize::test_valid_positive_odd_values[101] PASSED [ 15%]
tests/operators/blurring/test_validation.py::TestValidatePositiveOddKernelSize::test_even_values_corrected_to_odd[2] PASSED [ 15%]
tests/operators/blurring/test_validation.py::TestValidatePositiveOddKernelSize::test_even_values_corrected_to_odd[4] PASSED [ 15%]
tests/operators/blurring/test_validation.py::TestValidatePositiveOddKernelSize::test_even_values_corrected_to_odd[6] PASSED [ 16%]
tests/operators/blurring/test_validation.py::TestValidatePositiveOddKernelSize::test_even_values_corrected_to_odd[100] PASSED [ 16%]
tests/operators/blurring/test_validation.py::TestValidatePositiveOddKernelSize::test_invalid_non_positive_values[0] PASSED [ 16%]
tests/operators/blurring/test_validation.py::TestValidatePositiveOddKernelSize::test_invalid_non_positive_values[-1] PASSED [ 16%]
tests/operators/blurring/test_validation.py::TestValidatePositiveOddKernelSize::test_invalid_non_positive_values[-3] PASSED [ 17%]
tests/operators/blurring/test_validation.py::TestValidatePositiveOddKernelSize::test_even_value_2_corrected_to_3 PASSED [ 17%]
tests/operators/blurring/test_validation.py::TestValidatePositiveOddKernelSize::test_non_integer_raises_type_error[1.0] PASSED [ 17%]
tests/operators/blurring/test_validation.py::TestValidatePositiveOddKernelSize::test_non_integer_raises_type_error[3.5] PASSED [ 17%]
tests/operators/blurring/test_validation.py::TestValidatePositiveOddKernelSize::test_non_integer_raises_type_error[3] PASSED [ 18%]
tests/operators/blurring/test_validation.py::TestValidatePositiveOddKernelSize::test_non_integer_raises_type_error[None] PASSED [ 18%]
tests/operators/blurring/test_validation.py::TestValidateMedianKernelSize::test_valid_odd_values[1] PASSED [ 18%]
tests/operators/blurring/test_validation.py::TestValidateMedianKernelSize::test_valid_odd_values[3] PASSED [ 18%]
tests/operators/blurring/test_validation.py::TestValidateMedianKernelSize::test_valid_odd_values[5] PASSED [ 19%]
tests/operators/blurring/test_validation.py::TestValidateMedianKernelSize::test_valid_odd_values[7] PASSED [ 19%]
tests/operators/blurring/test_validation.py::TestValidateMedianKernelSize::test_valid_odd_values[9] PASSED [ 19%]
tests/operators/blurring/test_validation.py::TestValidateMedianKernelSize::test_valid_odd_values[101] PASSED [ 19%]
tests/operators/blurring/test_validation.py::TestValidateMedianKernelSize::test_even_values_corrected_to_odd[2] PASSED [ 20%]
tests/operators/blurring/test_validation.py::TestValidateMedianKernelSize::test_even_values_corrected_to_odd[4] PASSED [ 20%]
tests/operators/blurring/test_validation.py::TestValidateMedianKernelSize::test_even_values_corrected_to_odd[6] PASSED [ 20%]
tests/operators/blurring/test_validation.py::TestValidateMedianKernelSize::test_even_values_corrected_to_odd[8] PASSED [ 20%]
tests/operators/blurring/test_validation.py::TestValidateMedianKernelSize::test_even_values_corrected_to_odd[100] PASSED [ 21%]
tests/operators/blurring/test_validation.py::TestValidateMedianKernelSize::test_invalid_values_below_minimum[0] PASSED [ 21%]
tests/operators/blurring/test_validation.py::TestValidateMedianKernelSize::test_invalid_values_below_minimum[-1] PASSED [ 21%]
tests/operators/blurring/test_validation.py::TestValidateMedianKernelSize::test_invalid_values_below_minimum[-5] PASSED [ 21%]
tests/operators/blurring/test_validation.py::TestValidateMedianKernelSize::test_non_integer_raises_type_error[3.0] PASSED [ 22%]
tests/operators/blurring/test_validation.py::TestValidateMedianKernelSize::test_non_integer_raises_type_error[5.5] PASSED [ 22%]
tests/operators/blurring/test_validation.py::TestValidateMedianKernelSize::test_non_integer_raises_type_error[3] PASSED [ 22%]
tests/operators/blurring/test_validation.py::TestValidateMedianKernelSize::test_non_integer_raises_type_error[None] PASSED [ 22%]
tests/operators/drawing/test_draw_ellipse.py::test_wide_ellipse_spans_more_horizontally PASSED [ 23%]
tests/operators/drawing/test_draw_ellipse.py::test_tall_ellipse_spans_more_vertically PASSED [ 23%]
tests/operators/drawing/test_draw_ellipse.py::test_ellipse_preserves_shape PASSED [ 23%]
tests/operators/drawing/test_draw_ellipse.py::test_circle_is_symmetric PASSED [ 23%]
tests/operators/drawing/test_draw_ellipse.py::test_angle_rotates_ellipse PASSED [ 24%]
tests/operators/drawing/test_draw_ellipse.py::test_defaults_do_not_raise PASSED [ 24%]
tests/operators/filtering/test_contour_detection.py::test_contour_detection_returns_valid_image[params0] PASSED [ 24%]
tests/operators/filtering/test_contour_detection.py::test_contour_detection_returns_valid_image[params1] PASSED [ 24%]
tests/operators/filtering/test_contour_detection.py::test_contour_detection_returns_valid_image[params2] PASSED [ 25%]
tests/operators/filtering/test_contour_detection.py::test_contour_detection_returns_valid_image[params3] PASSED [ 25%]
tests/operators/filtering/test_contour_detection.py::test_contour_detection_supports_gray_bgr_bgra[1] PASSED [ 25%]
tests/operators/filtering/test_contour_detection.py::test_contour_detection_supports_gray_bgr_bgra[3] PASSED [ 25%]
tests/operators/filtering/test_contour_detection.py::test_contour_detection_supports_gray_bgr_bgra[4] PASSED [ 26%]
tests/operators/filtering/test_contour_detection.py::test_does_not_mutate_input PASSED [ 26%]
tests/operators/filtering/test_morphological.py::test_morphological_default_kernel_matches_explicit_5 PASSED [ 26%]
tests/operators/filtering/test_morphological.py::test_morphological_rejects_invalid_kernel_sizes[0] PASSED [ 26%]
tests/operators/filtering/test_morphological.py::test_morphological_rejects_invalid_kernel_sizes[-1] PASSED [ 27%]
tests/operators/filtering/test_morphological.py::test_morphological_rejects_invalid_kernel_sizes[2] PASSED [ 27%]
tests/operators/filtering/test_morphological.py::test_morphological_rejects_invalid_kernel_sizes[8] PASSED [ 27%]
tests/operators/filtering/test_morphological.py::test_morphological_rejects_invalid_kernel_sizes[abc] PASSED [ 27%]
tests/operators/filtering/test_morphological.py::test_morphological_rejects_invalid_kernel_sizes[3.5] PASSED [ 28%]
tests/operators/filtering/test_morphological.py::test_morphological_rejects_invalid_kernel_sizes[True] PASSED [ 28%]
tests/operators/filtering/test_morphological.py::test_morphological_rejects_invalid_kernel_sizes[False] PASSED [ 28%]
tests/operators/filtering/test_morphological.py::test_morphological_rejects_invalid_kernel_sizes[None] PASSED [ 28%]
tests/operators/filtering/test_morphological.py::test_morphological_rejects_invalid_kernel_sizes[4.0] PASSED [ 29%]
tests/operators/filtering/test_morphological.py::test_morphological_accepts_positive_odd_kernel_sizes PASSED [ 29%]
tests/operators/filtering/test_morphological.py::test_morphological_kernel_size_changes_result PASSED [ 29%]
tests/operators/filtering/test_morphological.py::test_morphological_top_hat_converts_rgba_to_rgb PASSED [ 29%]
tests/operators/filtering/test_morphological.py::test_morphological_accepts_kernel_size_1 PASSED [ 30%]
tests/operators/filtering/test_morphological.py::test_morphological_kernel_larger_than_image_does_not_crash PASSED [ 30%]
tests/test_batch_api.py::test_batch_submit_returns_202 PASSED            [ 30%]
tests/test_batch_api.py::test_batch_submit_multiple_images PASSED        [ 30%]
tests/test_batch_api.py::test_batch_submit_empty_images_rejected PASSED  [ 31%]
tests/test_batch_api.py::test_batch_submit_over_limit_rejected PASSED    [ 31%]
tests/test_batch_api.py::test_batch_submit_invalid_pipeline PASSED       [ 31%]
tests/test_batch_api.py::test_status_returns_completed_after_submit PASSED [ 31%]
tests/test_batch_api.py::test_status_successful_items PASSED             [ 32%]
tests/test_batch_api.py::test_status_failed_items_on_bad_pipeline PASSED [ 32%]
tests/test_batch_api.py::test_status_404_for_unknown_job PASSED          [ 32%]
tests/test_batch_api.py::test_download_returns_zip PASSED                [ 32%]
tests/test_batch_api.py::test_download_404_for_unknown_job PASSED        [ 33%]
tests/test_blurring_operators.py::TestBlur::test_default_params_output_shape PASSED [ 33%]
tests/test_blurring_operators.py::TestBlur::test_custom_params_output_shape PASSED [ 33%]
tests/test_blurring_operators.py::TestBlur::test_grayscale_input PASSED  [ 33%]
tests/test_blurring_operators.py::TestBlur::test_large_kernel PASSED     [ 34%]
tests/test_blurring_operators.py::TestBlur::test_output_is_uint8 PASSED  [ 34%]
tests/test_blurring_operators.py::TestBlur::test_blur_smooths_image PASSED [ 34%]
tests/test_blurring_operators.py::TestBlur::test_kernel_size_1_is_identity PASSED [ 34%]
tests/test_blurring_operators.py::TestBlur::test_small_image_no_crash PASSED [ 35%]
tests/test_blurring_operators.py::TestGaussianBlur::test_default_params_output_shape PASSED [ 35%]
tests/test_blurring_operators.py::TestGaussianBlur::test_custom_params_output_shape PASSED [ 35%]
tests/test_blurring_operators.py::TestGaussianBlur::test_even_kernel_corrected_to_odd PASSED [ 35%]
tests/test_blurring_operators.py::TestGaussianBlur::test_grayscale_input PASSED [ 36%]
tests/test_blurring_operators.py::TestGaussianBlur::test_large_kernel PASSED [ 36%]
tests/test_blurring_operators.py::TestGaussianBlur::test_output_is_uint8 PASSED [ 36%]
tests/test_blurring_operators.py::TestGaussianBlur::test_gaussian_blur_smooths_image PASSED [ 36%]
tests/test_blurring_operators.py::TestGaussianBlur::test_kernel_size_1_is_identity PASSED [ 37%]
tests/test_blurring_operators.py::TestGaussianBlur::test_small_image_no_crash PASSED [ 37%]
tests/test_blurring_operators.py::TestMedianBlur::test_default_params_output_shape PASSED [ 37%]
tests/test_blurring_operators.py::TestMedianBlur::test_custom_params_output_shape PASSED [ 37%]
tests/test_blurring_operators.py::TestMedianBlur::test_even_kernel_corrected_to_odd PASSED [ 38%]
tests/test_blurring_operators.py::TestMedianBlur::test_grayscale_input PASSED [ 38%]
tests/test_blurring_operators.py::TestMedianBlur::test_large_kernel PASSED [ 38%]
tests/test_blurring_operators.py::TestMedianBlur::test_output_is_uint8 PASSED [ 38%]
tests/test_blurring_operators.py::TestMedianBlur::test_median_blur_removes_salt_pepper_noise PASSED [ 39%]
tests/test_blurring_operators.py::TestMedianBlur::test_kernel_size_1_is_identity PASSED [ 39%]
tests/test_blurring_operators.py::TestMedianBlur::test_small_image_no_crash PASSED [ 39%]
tests/test_contour_detection.py::test_contour_detection_no_contours PASSED [ 39%]
tests/test_contour_detection.py::test_contour_detection_grayscale_input PASSED [ 40%]
tests/test_contour_detection.py::test_contour_detection_grayscale_no_contours_shape_consistent PASSED [ 40%]
tests/test_contour_detection.py::test_contour_detection_bgra_input PASSED [ 40%]
tests/test_contour_detection.py::test_contour_detection_float_image_normalized PASSED [ 40%]
tests/test_contour_detection.py::test_contour_detection_invalid_mode_raises PASSED [ 41%]
tests/test_contour_detection.py::test_contour_detection_invalid_method_raises PASSED [ 41%]
tests/test_contour_detection.py::test_contour_detection_invalid_thickness_raises PASSED [ 41%]
tests/test_contour_detection.py::test_contour_detection_thickness_too_large_raises PASSED [ 41%]
tests/test_conversion_operators.py::TestGrayImage::test_output_is_grayscale PASSED [ 42%]
tests/test_conversion_operators.py::TestGrayImage::test_output_shape PASSED [ 42%]
tests/test_conversion_operators.py::TestGrayImage::test_output_is_uint8 PASSED [ 42%]
tests/test_conversion_operators.py::TestGrayToBinary::test_default_params_output_shape PASSED [ 42%]
tests/test_conversion_operators.py::TestGrayToBinary::test_custom_threshold_output_shape PASSED [ 43%]
tests/test_conversion_operators.py::TestGrayToBinary::test_output_is_binary_values PASSED [ 43%]
tests/test_conversion_operators.py::TestGrayToBinary::test_output_is_uint8 PASSED [ 43%]
tests/test_conversion_operators.py::TestColorToBinary::test_default_params_output_shape PASSED [ 43%]
tests/test_conversion_operators.py::TestColorToBinary::test_output_is_grayscale PASSED [ 44%]
tests/test_conversion_operators.py::TestColorToBinary::test_output_is_binary_values PASSED [ 44%]
tests/test_conversion_operators.py::TestColorToBinary::test_threshold_binary_inv PASSED [ 44%]
tests/test_conversion_operators.py::TestColorToBinary::test_output_is_uint8 PASSED [ 44%]
tests/test_conversion_operators.py::TestColorMaps::test_all_colormaps_output_shape[HOT] PASSED [ 45%]
tests/test_conversion_operators.py::TestColorMaps::test_all_colormaps_output_shape[AUTUMN] PASSED [ 45%]
tests/test_conversion_operators.py::TestColorMaps::test_all_colormaps_output_shape[BONE] PASSED [ 45%]
tests/test_conversion_operators.py::TestColorMaps::test_all_colormaps_output_shape[COOL] PASSED [ 45%]
tests/test_conversion_operators.py::TestColorMaps::test_all_colormaps_output_shape[HSV] PASSED [ 46%]
tests/test_conversion_operators.py::TestColorMaps::test_all_colormaps_output_shape[JET] PASSED [ 46%]
tests/test_conversion_operators.py::TestColorMaps::test_all_colormaps_output_shape[OCEAN] PASSED [ 46%]
tests/test_conversion_operators.py::TestColorMaps::test_all_colormaps_output_shape[PARULA] PASSED [ 46%]
tests/test_conversion_operators.py::TestColorMaps::test_all_colormaps_output_shape[PINK] PASSED [ 47%]
tests/test_conversion_operators.py::TestColorMaps::test_all_colormaps_output_shape[RAINBOW] PASSED [ 47%]
tests/test_conversion_operators.py::TestColorMaps::test_default_colormap_output_shape PASSED [ 47%]
tests/test_conversion_operators.py::TestColorMaps::test_output_is_bgr PASSED [ 47%]
tests/test_conversion_operators.py::TestColorMaps::test_output_is_uint8 PASSED [ 48%]
tests/test_conversion_operators.py::TestChannelSplit::test_all_channels_output_shape[RED] PASSED [ 48%]
tests/test_conversion_operators.py::TestChannelSplit::test_all_channels_output_shape[GREEN] PASSED [ 48%]
tests/test_conversion_operators.py::TestChannelSplit::test_all_channels_output_shape[BLUE] PASSED [ 48%]
tests/test_conversion_operators.py::TestChannelSplit::test_default_channel_is_red PASSED [ 49%]
tests/test_conversion_operators.py::TestChannelSplit::test_output_is_uint8 PASSED [ 49%]
tests/test_conversion_operators.py::TestChannelSplit::test_grayscale_input_returned_as_is PASSED [ 49%]
tests/test_conversion_operators.py::TestChannelSplit::test_rgba_input_splits_correctly PASSED [ 49%]
tests/test_conversion_operators.py::TestBgrToHsv::test_output_shape PASSED [ 50%]
tests/test_conversion_operators.py::TestBgrToHsv::test_grayscale_input_produces_hsv_output PASSED [ 50%]
tests/test_conversion_operators.py::TestBgrToHsv::test_rgba_input_produces_hsv_output PASSED [ 50%]
tests/test_conversion_operators.py::TestBgrToHsv::test_output_is_uint8 PASSED [ 50%]
tests/test_conversion_operators.py::TestBgrToHsv::test_hsv_channel_ranges PASSED [ 50%]
tests/test_conversion_operators.py::TestHsvToBgr::test_roundtrip_output_shape PASSED [ 51%]
tests/test_conversion_operators.py::TestHsvToBgr::test_roundtrip_preserves_values PASSED [ 51%]
tests/test_conversion_operators.py::TestHsvToBgr::test_valid_hsv_input_returns_bgr PASSED [ 51%]
tests/test_conversion_operators.py::TestHsvToBgr::test_output_is_uint8 PASSED [ 51%]
tests/test_conversion_operators.py::TestBgrToLab::test_output_shape PASSED [ 52%]
tests/test_conversion_operators.py::TestBgrToLab::test_grayscale_input_produces_lab_output PASSED [ 52%]
tests/test_conversion_operators.py::TestBgrToLab::test_rgba_input_produces_lab_output PASSED [ 52%]
tests/test_conversion_operators.py::TestBgrToLab::test_output_is_uint8 PASSED [ 52%]
tests/test_conversion_operators.py::TestLabToBgr::test_roundtrip_output_shape PASSED [ 53%]
tests/test_conversion_operators.py::TestLabToBgr::test_roundtrip_preserves_values PASSED [ 53%]
tests/test_conversion_operators.py::TestLabToBgr::test_valid_lab_input_returns_bgr PASSED [ 53%]
tests/test_conversion_operators.py::TestLabToBgr::test_output_is_uint8 PASSED [ 53%]
tests/test_conversion_operators.py::TestBgrToYcrcb::test_output_shape PASSED [ 54%]
tests/test_conversion_operators.py::TestBgrToYcrcb::test_grayscale_input_produces_ycrcb_output PASSED [ 54%]
tests/test_conversion_operators.py::TestBgrToYcrcb::test_rgba_input_produces_ycrcb_output PASSED [ 54%]
tests/test_conversion_operators.py::TestBgrToYcrcb::test_output_is_uint8 PASSED [ 54%]
tests/test_conversion_operators.py::TestYcrcbToBgr::test_roundtrip_output_shape PASSED [ 55%]
tests/test_conversion_operators.py::TestYcrcbToBgr::test_roundtrip_preserves_values PASSED [ 55%]
tests/test_conversion_operators.py::TestYcrcbToBgr::test_valid_ycrcb_input_returns_bgr PASSED [ 55%]
tests/test_conversion_operators.py::TestYcrcbToBgr::test_output_is_uint8 PASSED [ 55%]
tests/test_conversion_operators.py::TestColorMapsFallback::test_unknown_colormap_falls_back_to_hot PASSED [ 56%]
tests/test_conversion_operators.py::TestChannelSplitFallback::test_unknown_channel_falls_back_to_red PASSED [ 56%]
tests/test_conversion_operators.py::TestColorToBinaryFallback::test_unknown_threshold_type_falls_back_to_binary PASSED [ 56%]
tests/test_drawing_operators.py::TestDrawLine::test_default_params_output_shape PASSED [ 56%]
tests/test_drawing_operators.py::TestDrawLine::test_output_is_uint8 PASSED [ 57%]
tests/test_drawing_operators.py::TestDrawLine::test_does_not_modify_original PASSED [ 57%]
tests/test_drawing_operators.py::TestDrawLine::test_line_is_drawn PASSED [ 57%]
tests/test_drawing_operators.py::TestDrawLine::test_custom_color_applied PASSED [ 57%]
tests/test_drawing_operators.py::TestDrawLine::test_grayscale_input PASSED [ 58%]
tests/test_drawing_operators.py::TestDrawCircle::test_default_params_output_shape PASSED [ 58%]
tests/test_drawing_operators.py::TestDrawCircle::test_output_is_uint8 PASSED [ 58%]
tests/test_drawing_operators.py::TestDrawCircle::test_does_not_modify_original PASSED [ 58%]
tests/test_drawing_operators.py::TestDrawCircle::test_circle_is_drawn PASSED [ 59%]
tests/test_drawing_operators.py::TestDrawCircle::test_custom_color_applied PASSED [ 59%]
tests/test_drawing_operators.py::TestDrawCircle::test_grayscale_input PASSED [ 59%]
tests/test_drawing_operators.py::TestDrawEllipse::test_default_params_output_shape PASSED [ 59%]
tests/test_drawing_operators.py::TestDrawEllipse::test_output_is_uint8 PASSED [ 60%]
tests/test_drawing_operators.py::TestDrawEllipse::test_does_not_modify_original PASSED [ 60%]
tests/test_drawing_operators.py::TestDrawEllipse::test_ellipse_is_drawn PASSED [ 60%]
tests/test_drawing_operators.py::TestDrawEllipse::test_custom_color_applied PASSED [ 60%]
tests/test_drawing_operators.py::TestDrawEllipse::test_axes_swap_bug XFAIL [ 61%]
tests/test_drawing_operators.py::TestDrawEllipse::test_grayscale_input PASSED [ 61%]
tests/test_drawing_operators.py::TestDrawRectangle::test_default_params_output_shape PASSED [ 61%]
tests/test_drawing_operators.py::TestDrawRectangle::test_output_is_uint8 PASSED [ 61%]
tests/test_drawing_operators.py::TestDrawRectangle::test_does_not_modify_original PASSED [ 62%]
tests/test_drawing_operators.py::TestDrawRectangle::test_rectangle_is_drawn PASSED [ 62%]
tests/test_drawing_operators.py::TestDrawRectangle::test_custom_color_applied PASSED [ 62%]
tests/test_drawing_operators.py::TestDrawRectangle::test_grayscale_input PASSED [ 62%]
tests/test_drawing_operators.py::TestDrawArrowLine::test_default_params_output_shape PASSED [ 63%]
tests/test_drawing_operators.py::TestDrawArrowLine::test_output_is_uint8 PASSED [ 63%]
tests/test_drawing_operators.py::TestDrawArrowLine::test_does_not_modify_original PASSED [ 63%]
tests/test_drawing_operators.py::TestDrawArrowLine::test_arrow_is_drawn PASSED [ 63%]
tests/test_drawing_operators.py::TestDrawArrowLine::test_custom_color_applied PASSED [ 64%]
tests/test_drawing_operators.py::TestDrawArrowLine::test_grayscale_input PASSED [ 64%]
tests/test_drawing_operators.py::TestDrawText::test_default_params_output_shape PASSED [ 64%]
tests/test_drawing_operators.py::TestDrawText::test_output_is_uint8 PASSED [ 64%]
tests/test_drawing_operators.py::TestDrawText::test_does_not_modify_original PASSED [ 65%]
tests/test_drawing_operators.py::TestDrawText::test_text_is_drawn PASSED [ 65%]
tests/test_drawing_operators.py::TestDrawText::test_custom_color_applied PASSED [ 65%]
tests/test_drawing_operators.py::TestDrawText::test_empty_string_does_not_crash PASSED [ 65%]
tests/test_drawing_operators.py::TestDrawText::test_custom_text_content PASSED [ 66%]
tests/test_drawing_operators.py::TestDrawText::test_grayscale_input PASSED [ 66%]
tests/test_filtering_operators.py::TestBilateralFilter::test_default_params_output_shape PASSED [ 66%]
tests/test_filtering_operators.py::TestBilateralFilter::test_custom_params_output_shape PASSED [ 66%]
tests/test_filtering_operators.py::TestBilateralFilter::test_grayscale_input PASSED [ 67%]
tests/test_filtering_operators.py::TestBilateralFilter::test_rgba_input_converted_to_bgr PASSED [ 67%]
tests/test_filtering_operators.py::TestBilateralFilter::test_output_is_uint8 PASSED [ 67%]
tests/test_filtering_operators.py::TestBoxFilter::test_default_params_output_shape PASSED [ 67%]
tests/test_filtering_operators.py::TestBoxFilter::test_custom_params_output_shape PASSED [ 68%]
tests/test_filtering_operators.py::TestBoxFilter::test_grayscale_input PASSED [ 68%]
tests/test_filtering_operators.py::TestBoxFilter::test_custom_anchor_point PASSED [ 68%]
tests/test_filtering_operators.py::TestBoxFilter::test_output_is_uint8 PASSED [ 68%]
tests/test_filtering_operators.py::TestSharpen::test_default_params_output_shape PASSED [ 69%]
tests/test_filtering_operators.py::TestSharpen::test_grayscale_input PASSED [ 69%]
tests/test_filtering_operators.py::TestSharpen::test_zero_strength_returns_original PASSED [ 69%]
tests/test_filtering_operators.py::TestSharpen::test_strength_clamped_above_max PASSED [ 69%]
tests/test_filtering_operators.py::TestSharpen::test_strength_clamped_below_zero PASSED [ 70%]
tests/test_filtering_operators.py::TestSharpen::test_rgba_input_converted_to_bgr PASSED [ 70%]
tests/test_filtering_operators.py::TestSharpen::test_output_is_uint8 PASSED [ 70%]
tests/test_filtering_operators.py::TestErosion::test_default_params_output_shape PASSED [ 70%]
tests/test_filtering_operators.py::TestErosion::test_grayscale_input PASSED [ 71%]
tests/test_filtering_operators.py::TestErosion::test_multiple_iterations PASSED [ 71%]
tests/test_filtering_operators.py::TestErosion::test_output_is_uint8 PASSED [ 71%]
tests/test_filtering_operators.py::TestErosion::test_erodes_bright_regions PASSED [ 71%]
tests/test_filtering_operators.py::TestDilation::test_default_params_output_shape PASSED [ 72%]
tests/test_filtering_operators.py::TestDilation::test_grayscale_input PASSED [ 72%]
tests/test_filtering_operators.py::TestDilation::test_multiple_iterations PASSED [ 72%]
tests/test_filtering_operators.py::TestDilation::test_output_is_uint8 PASSED [ 72%]
tests/test_filtering_operators.py::TestDilation::test_dilates_bright_regions PASSED [ 73%]
tests/test_filtering_operators.py::TestMorphological::test_all_types_output_shape[OPEN] PASSED [ 73%]
tests/test_filtering_operators.py::TestMorphological::test_all_types_output_shape[CLOSE] PASSED [ 73%]
tests/test_filtering_operators.py::TestMorphological::test_all_types_output_shape[GRADIENT] PASSED [ 73%]
tests/test_filtering_operators.py::TestMorphological::test_all_types_output_shape[TOPHAT] PASSED [ 74%]
tests/test_filtering_operators.py::TestMorphological::test_all_types_output_shape[BLACKHAT] PASSED [ 74%]
tests/test_filtering_operators.py::TestMorphological::test_default_type_output_shape PASSED [ 74%]
tests/test_filtering_operators.py::TestMorphological::test_grayscale_input PASSED [ 74%]
tests/test_filtering_operators.py::TestMorphological::test_rgba_input_converted_for_gradient PASSED [ 75%]
tests/test_filtering_operators.py::TestMorphological::test_output_is_uint8 PASSED [ 75%]
tests/test_filtering_operators.py::TestPyramidUp::test_output_shape_doubled PASSED [ 75%]
tests/test_filtering_operators.py::TestPyramidUp::test_grayscale_input PASSED [ 75%]
tests/test_filtering_operators.py::TestPyramidUp::test_output_is_uint8 PASSED [ 76%]
tests/test_filtering_operators.py::TestPyramidDown::test_output_shape_halved PASSED [ 76%]
tests/test_filtering_operators.py::TestPyramidDown::test_grayscale_input PASSED [ 76%]
tests/test_filtering_operators.py::TestPyramidDown::test_output_is_uint8 PASSED [ 76%]
tests/test_macros_api.py::test_create_macro_returns_201 PASSED           [ 77%]
tests/test_macros_api.py::test_create_macro_stores_steps_correctly PASSED [ 77%]
tests/test_macros_api.py::test_create_macro_duplicate_name_returns_409 PASSED [ 77%]
tests/test_macros_api.py::test_create_macro_validates_name_not_empty PASSED [ 77%]
tests/test_macros_api.py::test_create_macro_empty_steps_allowed PASSED   [ 78%]
tests/test_macros_api.py::test_list_macros_initially_empty PASSED        [ 78%]
tests/test_macros_api.py::test_list_macros_returns_all PASSED            [ 78%]
tests/test_macros_api.py::test_list_macros_does_not_include_steps PASSED [ 78%]
tests/test_macros_api.py::test_list_macros_ordered_newest_first PASSED   [ 79%]
tests/test_macros_api.py::test_get_macro_returns_steps PASSED            [ 79%]
tests/test_macros_api.py::test_get_macro_404_for_unknown_id PASSED       [ 79%]
tests/test_macros_api.py::test_update_macro_name PASSED                  [ 79%]
tests/test_macros_api.py::test_update_macro_steps PASSED                 [ 80%]
tests/test_macros_api.py::test_update_macro_name_conflict_returns_409 PASSED [ 80%]
tests/test_macros_api.py::test_update_macro_same_name_allowed PASSED     [ 80%]
tests/test_macros_api.py::test_update_macro_404_for_unknown_id PASSED    [ 80%]
tests/test_macros_api.py::test_delete_macro_returns_204 PASSED           [ 81%]
tests/test_macros_api.py::test_delete_macro_then_get_returns_404 PASSED  [ 81%]
tests/test_macros_api.py::test_delete_macro_removes_from_list PASSED     [ 81%]
tests/test_macros_api.py::test_delete_macro_404_for_unknown_id PASSED    [ 81%]
tests/test_mean_shift_segmentation.py::TestMeanShiftSegmentation::test_default_params_output_shape PASSED [ 82%]
tests/test_mean_shift_segmentation.py::TestMeanShiftSegmentation::test_output_is_uint8 PASSED [ 82%]
tests/test_mean_shift_segmentation.py::TestMeanShiftSegmentation::test_custom_params_output_shape PASSED [ 82%]
tests/test_mean_shift_segmentation.py::TestMeanShiftSegmentation::test_grayscale_input_returns_bgr PASSED [ 82%]
tests/test_mean_shift_segmentation.py::TestMeanShiftSegmentation::test_rgba_input_converted_to_bgr PASSED [ 83%]
tests/test_mean_shift_segmentation.py::TestMeanShiftSegmentation::test_output_values_in_range PASSED [ 83%]
tests/test_mean_shift_segmentation.py::TestMeanShiftSegmentation::test_max_level_zero PASSED [ 83%]
tests/test_mean_shift_segmentation.py::TestMeanShiftSegmentation::test_high_colour_radius_simplifies_image PASSED [ 83%]
tests/test_pipeline_api.py::test_health PASSED                           [ 84%]
tests/test_pipeline_api.py::test_single_step PASSED                      [ 84%]
tests/test_pipeline_api.py::test_multi_step PASSED                       [ 84%]
tests/test_pipeline_api.py::test_empty_pipeline PASSED                   [ 84%]
tests/test_pipeline_api.py::test_unknown_operator PASSED                 [ 85%]
tests/test_pipeline_api.py::test_invalid_base64 PASSED                   [ 85%]
tests/test_pipeline_api.py::test_missing_image_field PASSED              [ 85%]
tests/test_pipeline_api.py::test_missing_pipeline_field PASSED           [ 85%]
tests/test_pipeline_api.py::test_large_pipeline PASSED                   [ 86%]
tests/test_pipeline_api.py::test_error_response_has_step PASSED          [ 86%]
tests/test_pipeline_executor.py::test_empty_pipeline PASSED              [ 86%]
tests/test_pipeline_executor.py::test_noop_steps_are_skipped PASSED      [ 86%]
tests/test_pipeline_executor.py::test_single_operator PASSED             [ 87%]
tests/test_pipeline_executor.py::test_multi_step_pipeline PASSED         [ 87%]
tests/test_pipeline_executor.py::test_unknown_operator_gives_clear_error PASSED [ 87%]
tests/test_pipeline_executor.py::test_error_includes_correct_step_index PASSED [ 87%]
tests/test_pipeline_executor.py::test_bad_image_data_fails_at_decode PASSED [ 88%]
tests/test_pipeline_executor.py::test_valid_base64_but_invalid_image_fails PASSED [ 88%]
tests/test_pipeline_executor.py::test_pipeline_is_deterministic PASSED   [ 88%]
tests/test_pipeline_timing.py::test_successful_pipeline_includes_timings PASSED [ 88%]
tests/test_pipeline_timing.py::test_partial_timings_returned_on_failure PASSED [ 89%]
tests/test_pipeline_timing.py::test_noop_steps_excluded_from_timings PASSED [ 89%]
tests/test_pipeline_timing.py::test_step_numbers_are_1_indexed PASSED    [ 89%]
tests/test_pipeline_timing.py::test_error_step_is_1_indexed PASSED       [ 89%]
tests/test_resize_image.py::test_resize_explicit_dimensions PASSED       [ 90%]
tests/test_resize_image.py::test_resize_noop_missing_params PASSED       [ 90%]
tests/test_resize_image.py::test_resize_invalid_params PASSED            [ 90%]
tests/test_resize_image.py::test_resize_interpolation_methods PASSED     [ 90%]
tests/test_resize_image.py::test_resize_zero_dimension_fallback PASSED   [ 91%]
tests/test_resize_image.py::test_resize_partial_zero_dimension PASSED    [ 91%]
tests/test_resize_image.py::test_resize_unknown_interpolation_defaults_to_linear PASSED [ 91%]
tests/test_resize_image.py::test_resize_grayscale_image PASSED           [ 91%]
tests/test_sobel_scharr.py::TestSobelDerivative::test_horizontal_dtype_and_range PASSED [ 92%]
tests/test_sobel_scharr.py::TestSobelDerivative::test_vertical_dtype_and_range PASSED [ 92%]
tests/test_sobel_scharr.py::TestSobelDerivative::test_combined_dtype_and_range PASSED [ 92%]
tests/test_sobel_scharr.py::TestSobelDerivative::test_grayscale_input PASSED [ 92%]
tests/test_sobel_scharr.py::TestScharrDerivative::test_horizontal_dtype_and_range PASSED [ 93%]
tests/test_sobel_scharr.py::TestScharrDerivative::test_vertical_dtype_and_range PASSED [ 93%]
tests/test_sobel_scharr.py::TestScharrDerivative::test_grayscale_input PASSED [ 93%]
tests/test_thresholding_operators.py::TestApplyThreshold::test_default_params_output_shape PASSED [ 93%]
tests/test_thresholding_operators.py::TestApplyThreshold::test_output_is_uint8 PASSED [ 94%]
tests/test_thresholding_operators.py::TestApplyThreshold::test_default_params_produces_non_empty_output PASSED [ 94%]
tests/test_thresholding_operators.py::TestApplyThreshold::test_max_value_255_produces_binary_output PASSED [ 94%]
tests/test_thresholding_operators.py::TestApplyThreshold::test_threshold_value_0_pixels_above_zero_become_max PASSED [ 94%]
tests/test_thresholding_operators.py::TestApplyThreshold::test_grayscale_input PASSED [ 95%]
tests/test_thresholding_operators.py::TestApplyThreshold::test_color_input_output_channels PASSED [ 95%]
tests/test_thresholding_operators.py::TestApplyThreshold::test_threshold_at_boundary PASSED [ 95%]
tests/test_thresholding_operators.py::TestAdaptiveThreshold::test_default_params_output_shape PASSED [ 95%]
tests/test_thresholding_operators.py::TestAdaptiveThreshold::test_output_is_uint8 PASSED [ 96%]
tests/test_thresholding_operators.py::TestAdaptiveThreshold::test_output_is_binary PASSED [ 96%]
tests/test_thresholding_operators.py::TestAdaptiveThreshold::test_color_input_converts_to_grayscale PASSED [ 96%]
tests/test_thresholding_operators.py::TestAdaptiveThreshold::test_rgba_input PASSED [ 96%]
tests/test_thresholding_operators.py::TestAdaptiveThreshold::test_even_block_size_corrected_to_odd PASSED [ 97%]
tests/test_thresholding_operators.py::TestAdaptiveThreshold::test_gaussian_method PASSED [ 97%]
tests/test_thresholding_operators.py::TestAdaptiveThreshold::test_mean_method PASSED [ 97%]
tests/test_thresholding_operators.py::TestAdaptiveThreshold::test_grayscale_input PASSED [ 97%]
tests/test_thresholding_operators.py::TestAdaptiveThreshold::test_invalid_adaptive_method_falls_back_to_gaussian PASSED [ 98%]
tests/test_thresholding_operators.py::TestOtsuThreshold::test_default_params_output_shape PASSED [ 98%]
tests/test_thresholding_operators.py::TestOtsuThreshold::test_output_is_uint8 PASSED [ 98%]
tests/test_thresholding_operators.py::TestOtsuThreshold::test_output_is_binary PASSED [ 98%]
tests/test_thresholding_operators.py::TestOtsuThreshold::test_color_input_converts_to_grayscale PASSED [ 99%]
tests/test_thresholding_operators.py::TestOtsuThreshold::test_rgba_input PASSED [ 99%]
tests/test_thresholding_operators.py::TestOtsuThreshold::test_grayscale_input PASSED [ 99%]
tests/test_thresholding_operators.py::TestOtsuThreshold::test_custom_max_value PASSED [ 99%]
tests/test_thresholding_operators.py::TestOtsuThreshold::test_otsu_threshold_adapts_to_image_content PASSED [100%]

======================== 401 passed, 1 xfailed in 0.76s ========================
